<?xml version="1.0" encoding="UTF-8"?>
<coverage generated="1637512766609" clover="3.2.0">
  <project timestamp="1637512766609" name="All files">
    <metrics statements="44" coveredstatements="41" conditionals="28" coveredconditionals="25" methods="6" coveredmethods="6" elements="78" coveredelements="72" complexity="0" loc="44" ncloc="44" packages="1" files="3" classes="3"/>
    <file name="atbashShiftLetters.js" path="C:\Users\Alex\Documents\GitHub\RS\task1\task1\modules\atbashShiftLetters.js">
      <metrics statements="13" coveredstatements="13" conditionals="8" coveredconditionals="8" methods="2" coveredmethods="2"/>
      <line num="1" count="1" type="stmt"/>
      <line num="2" count="3" type="stmt"/>
      <line num="4" count="3" type="stmt"/>
      <line num="5" count="38" type="stmt"/>
      <line num="8" count="38" type="cond" truecount="4" falsecount="0"/>
      <line num="9" count="4" type="stmt"/>
      <line num="10" count="34" type="cond" truecount="4" falsecount="0"/>
      <line num="11" count="16" type="stmt"/>
      <line num="12" count="18" type="stmt"/>
      <line num="14" count="38" type="stmt"/>
      <line num="17" count="3" type="stmt"/>
      <line num="18" count="3" type="stmt"/>
      <line num="21" count="1" type="stmt"/>
    </file>
    <file name="configProcessor.js" path="C:\Users\Alex\Documents\GitHub\RS\task1\task1\modules\configProcessor.js">
      <metrics statements="11" coveredstatements="11" conditionals="4" coveredconditionals="4" methods="2" coveredmethods="2"/>
      <line num="1" count="1" type="stmt"/>
      <line num="2" count="2" type="stmt"/>
      <line num="3" count="2" type="stmt"/>
      <line num="4" count="2" type="stmt"/>
      <line num="6" count="2" type="stmt"/>
      <line num="7" count="5" type="cond" truecount="2" falsecount="0"/>
      <line num="8" count="1" type="stmt"/>
      <line num="12" count="2" type="cond" truecount="2" falsecount="0"/>
      <line num="13" count="1" type="stmt"/>
      <line num="14" count="1" type="stmt"/>
      <line num="15" count="1" type="stmt"/>
    </file>
    <file name="shiftLetters.js" path="C:\Users\Alex\Documents\GitHub\RS\task1\task1\modules\shiftLetters.js">
      <metrics statements="20" coveredstatements="17" conditionals="16" coveredconditionals="13" methods="2" coveredmethods="2"/>
      <line num="1" count="1" type="stmt"/>
      <line num="2" count="3" type="stmt"/>
      <line num="4" count="3" type="stmt"/>
      <line num="5" count="38" type="stmt"/>
      <line num="6" count="38" type="stmt"/>
      <line num="8" count="38" type="cond" truecount="4" falsecount="0"/>
      <line num="9" count="4" type="cond" truecount="2" falsecount="0"/>
      <line num="10" count="1" type="stmt"/>
      <line num="12" count="4" type="cond" truecount="1" falsecount="1"/>
      <line num="13" count="0" type="stmt"/>
      <line num="15" count="34" type="cond" truecount="4" falsecount="0"/>
      <line num="16" count="16" type="cond" truecount="1" falsecount="1"/>
      <line num="17" count="0" type="stmt"/>
      <line num="19" count="16" type="cond" truecount="1" falsecount="1"/>
      <line num="20" count="0" type="stmt"/>
      <line num="22" count="18" type="stmt"/>
      <line num="24" count="38" type="stmt"/>
      <line num="27" count="3" type="stmt"/>
      <line num="28" count="3" type="stmt"/>
      <line num="31" count="1" type="stmt"/>
    </file>
  </project>
</coverage>
