{"C:\\Users\\Alex\\Documents\\GitHub\\RS\\task1\\task1\\modules\\atbashShiftLetters.js": {"path":"C:\\Users\\Alex\\Documents\\GitHub\\RS\\task1\\task1\\modules\\atbashShiftLetters.js","statementMap":{"0":{"start":{"line":1,"column":27},"end":{"line":19,"column":1}},"1":{"start":{"line":2,"column":25},"end":{"line":2,"column":58}},"2":{"start":{"line":4,"column":20},"end":{"line":15,"column":4}},"3":{"start":{"line":5,"column":20},"end":{"line":5,"column":40}},"4":{"start":{"line":8,"column":4},"end":{"line":12,"column":36}},"5":{"start":{"line":9,"column":6},"end":{"line":9,"column":43}},"6":{"start":{"line":10,"column":11},"end":{"line":12,"column":36}},"7":{"start":{"line":11,"column":6},"end":{"line":11,"column":44}},"8":{"start":{"line":12,"column":11},"end":{"line":12,"column":36}},"9":{"start":{"line":14,"column":4},"end":{"line":14,"column":47}},"10":{"start":{"line":17,"column":23},"end":{"line":17,"column":41}},"11":{"start":{"line":18,"column":2},"end":{"line":18,"column":22}},"12":{"start":{"line":21,"column":0},"end":{"line":21,"column":36}}},"fnMap":{"0":{"name":"(anonymous_0)","decl":{"start":{"line":1,"column":27},"end":{"line":1,"column":28}},"loc":{"start":{"line":1,"column":38},"end":{"line":19,"column":1}},"line":1},"1":{"name":"(anonymous_1)","decl":{"start":{"line":4,"column":39},"end":{"line":4,"column":40}},"loc":{"start":{"line":4,"column":52},"end":{"line":15,"column":3}},"line":4}},"branchMap":{"0":{"loc":{"start":{"line":8,"column":4},"end":{"line":12,"column":36}},"type":"if","locations":[{"start":{"line":8,"column":4},"end":{"line":12,"column":36}},{"start":{"line":10,"column":11},"end":{"line":12,"column":36}}],"line":8},"1":{"loc":{"start":{"line":8,"column":8},"end":{"line":8,"column":38}},"type":"binary-expr","locations":[{"start":{"line":8,"column":8},"end":{"line":8,"column":21}},{"start":{"line":8,"column":25},"end":{"line":8,"column":38}}],"line":8},"2":{"loc":{"start":{"line":10,"column":11},"end":{"line":12,"column":36}},"type":"if","locations":[{"start":{"line":10,"column":11},"end":{"line":12,"column":36}},{"start":{"line":12,"column":11},"end":{"line":12,"column":36}}],"line":10},"3":{"loc":{"start":{"line":10,"column":15},"end":{"line":10,"column":46}},"type":"binary-expr","locations":[{"start":{"line":10,"column":15},"end":{"line":10,"column":28}},{"start":{"line":10,"column":32},"end":{"line":10,"column":46}}],"line":10}},"s":{"0":1,"1":3,"2":3,"3":38,"4":38,"5":4,"6":34,"7":16,"8":18,"9":38,"10":3,"11":3,"12":1},"f":{"0":3,"1":38},"b":{"0":[4,34],"1":[38,26],"2":[16,18],"3":[34,22]},"_coverageSchema":"1a1c01bbd47fc00a2c39e90264f33305004495a9","hash":"ccce935fdf3a9f9213e4199423043f21bc5904f7"}
,"C:\\Users\\Alex\\Documents\\GitHub\\RS\\task1\\task1\\modules\\configProcessor.js": {"path":"C:\\Users\\Alex\\Documents\\GitHub\\RS\\task1\\task1\\modules\\configProcessor.js","statementMap":{"0":{"start":{"line":1,"column":0},"end":{"line":16,"column":2}},"1":{"start":{"line":2,"column":22},"end":{"line":2,"column":51}},"2":{"start":{"line":3,"column":29},"end":{"line":3,"column":30}},"3":{"start":{"line":4,"column":2},"end":{"line":4,"column":32}},"4":{"start":{"line":6,"column":2},"end":{"line":10,"column":5}},"5":{"start":{"line":7,"column":4},"end":{"line":9,"column":5}},"6":{"start":{"line":8,"column":6},"end":{"line":8,"column":29}},"7":{"start":{"line":12,"column":2},"end":{"line":15,"column":26}},"8":{"start":{"line":13,"column":4},"end":{"line":13,"column":62}},"9":{"start":{"line":14,"column":4},"end":{"line":14,"column":20}},"10":{"start":{"line":15,"column":9},"end":{"line":15,"column":26}}},"fnMap":{"0":{"name":"(anonymous_0)","decl":{"start":{"line":1,"column":17},"end":{"line":1,"column":18}},"loc":{"start":{"line":1,"column":29},"end":{"line":16,"column":1}},"line":1},"1":{"name":"(anonymous_1)","decl":{"start":{"line":6,"column":20},"end":{"line":6,"column":21}},"loc":{"start":{"line":6,"column":28},"end":{"line":10,"column":3}},"line":6}},"branchMap":{"0":{"loc":{"start":{"line":7,"column":4},"end":{"line":9,"column":5}},"type":"if","locations":[{"start":{"line":7,"column":4},"end":{"line":9,"column":5}},{"start":{},"end":{}}],"line":7},"1":{"loc":{"start":{"line":12,"column":2},"end":{"line":15,"column":26}},"type":"if","locations":[{"start":{"line":12,"column":2},"end":{"line":15,"column":26}},{"start":{"line":15,"column":9},"end":{"line":15,"column":26}}],"line":12}},"s":{"0":1,"1":2,"2":2,"3":2,"4":2,"5":5,"6":1,"7":2,"8":1,"9":1,"10":1},"f":{"0":2,"1":5},"b":{"0":[1,4],"1":[1,1]},"_coverageSchema":"1a1c01bbd47fc00a2c39e90264f33305004495a9","hash":"bcf5f8f0c17dd808eea48802b18e4e18eddc05f2"}
,"C:\\Users\\Alex\\Documents\\GitHub\\RS\\task1\\task1\\modules\\shiftLetters.js": {"path":"C:\\Users\\Alex\\Documents\\GitHub\\RS\\task1\\task1\\modules\\shiftLetters.js","statementMap":{"0":{"start":{"line":1,"column":21},"end":{"line":29,"column":1}},"1":{"start":{"line":2,"column":25},"end":{"line":2,"column":58}},"2":{"start":{"line":4,"column":20},"end":{"line":25,"column":4}},"3":{"start":{"line":5,"column":20},"end":{"line":5,"column":40}},"4":{"start":{"line":6,"column":25},"end":{"line":6,"column":45}},"5":{"start":{"line":8,"column":4},"end":{"line":22,"column":36}},"6":{"start":{"line":9,"column":6},"end":{"line":11,"column":7}},"7":{"start":{"line":10,"column":8},"end":{"line":10,"column":52}},"8":{"start":{"line":12,"column":6},"end":{"line":14,"column":7}},"9":{"start":{"line":13,"column":8},"end":{"line":13,"column":52}},"10":{"start":{"line":15,"column":11},"end":{"line":22,"column":36}},"11":{"start":{"line":16,"column":6},"end":{"line":18,"column":7}},"12":{"start":{"line":17,"column":8},"end":{"line":17,"column":53}},"13":{"start":{"line":19,"column":6},"end":{"line":21,"column":7}},"14":{"start":{"line":20,"column":8},"end":{"line":20,"column":53}},"15":{"start":{"line":22,"column":11},"end":{"line":22,"column":36}},"16":{"start":{"line":24,"column":4},"end":{"line":24,"column":47}},"17":{"start":{"line":27,"column":23},"end":{"line":27,"column":41}},"18":{"start":{"line":28,"column":2},"end":{"line":28,"column":22}},"19":{"start":{"line":31,"column":0},"end":{"line":31,"column":30}}},"fnMap":{"0":{"name":"(anonymous_0)","decl":{"start":{"line":1,"column":21},"end":{"line":1,"column":22}},"loc":{"start":{"line":1,"column":44},"end":{"line":29,"column":1}},"line":1},"1":{"name":"(anonymous_1)","decl":{"start":{"line":4,"column":39},"end":{"line":4,"column":40}},"loc":{"start":{"line":4,"column":52},"end":{"line":25,"column":3}},"line":4}},"branchMap":{"0":{"loc":{"start":{"line":8,"column":4},"end":{"line":22,"column":36}},"type":"if","locations":[{"start":{"line":8,"column":4},"end":{"line":22,"column":36}},{"start":{"line":15,"column":11},"end":{"line":22,"column":36}}],"line":8},"1":{"loc":{"start":{"line":8,"column":8},"end":{"line":8,"column":38}},"type":"binary-expr","locations":[{"start":{"line":8,"column":8},"end":{"line":8,"column":21}},{"start":{"line":8,"column":25},"end":{"line":8,"column":38}}],"line":8},"2":{"loc":{"start":{"line":9,"column":6},"end":{"line":11,"column":7}},"type":"if","locations":[{"start":{"line":9,"column":6},"end":{"line":11,"column":7}},{"start":{},"end":{}}],"line":9},"3":{"loc":{"start":{"line":12,"column":6},"end":{"line":14,"column":7}},"type":"if","locations":[{"start":{"line":12,"column":6},"end":{"line":14,"column":7}},{"start":{},"end":{}}],"line":12},"4":{"loc":{"start":{"line":15,"column":11},"end":{"line":22,"column":36}},"type":"if","locations":[{"start":{"line":15,"column":11},"end":{"line":22,"column":36}},{"start":{"line":22,"column":11},"end":{"line":22,"column":36}}],"line":15},"5":{"loc":{"start":{"line":15,"column":15},"end":{"line":15,"column":46}},"type":"binary-expr","locations":[{"start":{"line":15,"column":15},"end":{"line":15,"column":28}},{"start":{"line":15,"column":32},"end":{"line":15,"column":46}}],"line":15},"6":{"loc":{"start":{"line":16,"column":6},"end":{"line":18,"column":7}},"type":"if","locations":[{"start":{"line":16,"column":6},"end":{"line":18,"column":7}},{"start":{},"end":{}}],"line":16},"7":{"loc":{"start":{"line":19,"column":6},"end":{"line":21,"column":7}},"type":"if","locations":[{"start":{"line":19,"column":6},"end":{"line":21,"column":7}},{"start":{},"end":{}}],"line":19}},"s":{"0":1,"1":3,"2":3,"3":38,"4":38,"5":38,"6":4,"7":1,"8":4,"9":0,"10":34,"11":16,"12":0,"13":16,"14":0,"15":18,"16":38,"17":3,"18":3,"19":1},"f":{"0":3,"1":38},"b":{"0":[4,34],"1":[38,26],"2":[1,3],"3":[0,4],"4":[16,18],"5":[34,22],"6":[0,16],"7":[0,16]},"_coverageSchema":"1a1c01bbd47fc00a2c39e90264f33305004495a9","hash":"2138711b0d2c03f701bb05dd767c3b324d1ad92b"}
}
