TN:
SF:task1\modules\argumentsProcessor.js
FN:1,(anonymous_0)
FN:2,(anonymous_1)
FN:3,(anonymous_2)
FN:4,(anonymous_3)
FN:19,(anonymous_4)
FN:22,(anonymous_5)
FN:25,(anonymous_6)
FNF:7
FNH:7
FNDA:8,(anonymous_0)
FNDA:60,(anonymous_1)
FNDA:60,(anonymous_2)
FNDA:60,(anonymous_3)
FNDA:2,(anonymous_4)
FNDA:6,(anonymous_5)
FNDA:10,(anonymous_6)
DA:1,1
DA:2,60
DA:3,60
DA:4,60
DA:6,8
DA:7,2
DA:8,1
DA:10,6
DA:11,2
DA:12,1
DA:14,4
DA:15,2
DA:16,1
DA:19,2
DA:22,6
DA:25,10
DA:27,2
DA:29,2
DA:30,2
DA:32,2
LF:20
LH:20
BRDA:2,0,0,60
BRDA:2,0,1,57
BRDA:3,1,0,60
BRDA:3,1,1,57
BRDA:4,2,0,60
BRDA:4,2,1,57
BRDA:6,3,0,2
BRDA:6,3,1,6
BRDA:10,4,0,2
BRDA:10,4,1,4
BRDA:14,5,0,2
BRDA:14,5,1,2
BRDA:19,6,0,2
BRDA:19,6,1,1
BRDA:22,7,0,6
BRDA:22,7,1,5
BRDA:25,8,0,10
BRDA:25,8,1,9
BRF:18
BRH:18
end_of_record
TN:
SF:task1\modules\atbashShiftLetters.js
FN:1,(anonymous_0)
FN:4,(anonymous_1)
FNF:2
FNH:2
FNDA:3,(anonymous_0)
FNDA:38,(anonymous_1)
DA:1,1
DA:2,3
DA:4,3
DA:5,38
DA:8,38
DA:9,4
DA:10,34
DA:11,16
DA:12,18
DA:14,38
DA:17,3
DA:18,3
DA:21,1
LF:13
LH:13
BRDA:8,0,0,4
BRDA:8,0,1,34
BRDA:8,1,0,38
BRDA:8,1,1,26
BRDA:10,2,0,16
BRDA:10,2,1,18
BRDA:10,3,0,34
BRDA:10,3,1,22
BRF:8
BRH:8
end_of_record
TN:
SF:task1\modules\configProcessor.js
FN:1,(anonymous_0)
FN:6,(anonymous_1)
FNF:2
FNH:2
FNDA:3,(anonymous_0)
FNDA:6,(anonymous_1)
DA:1,1
DA:2,3
DA:3,3
DA:4,3
DA:6,3
DA:7,6
DA:8,2
DA:12,3
DA:13,2
DA:14,2
DA:15,1
LF:11
LH:11
BRDA:7,0,0,2
BRDA:7,0,1,4
BRDA:12,1,0,2
BRDA:12,1,1,1
BRF:4
BRH:4
end_of_record
TN:
SF:task1\modules\shiftLetters.js
FN:1,(anonymous_0)
FN:4,(anonymous_1)
FNF:2
FNH:2
FNDA:3,(anonymous_0)
FNDA:38,(anonymous_1)
DA:1,1
DA:2,3
DA:4,3
DA:5,38
DA:6,38
DA:8,38
DA:9,4
DA:10,1
DA:12,4
DA:13,0
DA:15,34
DA:16,16
DA:17,0
DA:19,16
DA:20,0
DA:22,18
DA:24,38
DA:27,3
DA:28,3
DA:31,1
LF:20
LH:17
BRDA:8,0,0,4
BRDA:8,0,1,34
BRDA:8,1,0,38
BRDA:8,1,1,26
BRDA:9,2,0,1
BRDA:9,2,1,3
BRDA:12,3,0,0
BRDA:12,3,1,4
BRDA:15,4,0,16
BRDA:15,4,1,18
BRDA:15,5,0,34
BRDA:15,5,1,22
BRDA:16,6,0,0
BRDA:16,6,1,16
BRDA:19,7,0,0
BRDA:19,7,1,16
BRF:16
BRH:13
end_of_record
