TN:
SF:task1\modules\atbashShiftLetters.js
FN:1,(anonymous_0)
FN:4,(anonymous_1)
FNF:2
FNH:2
FNDA:3,(anonymous_0)
FNDA:38,(anonymous_1)
DA:1,1
DA:2,3
DA:4,3
DA:5,38
DA:8,38
DA:9,4
DA:10,34
DA:11,16
DA:12,18
DA:14,38
DA:17,3
DA:18,3
DA:21,1
LF:13
LH:13
BRDA:8,0,0,4
BRDA:8,0,1,34
BRDA:8,1,0,38
BRDA:8,1,1,26
BRDA:10,2,0,16
BRDA:10,2,1,18
BRDA:10,3,0,34
BRDA:10,3,1,22
BRF:8
BRH:8
end_of_record
TN:
SF:task1\modules\configProcessor.js
FN:1,(anonymous_0)
FN:6,(anonymous_1)
FNF:2
FNH:2
FNDA:2,(anonymous_0)
FNDA:5,(anonymous_1)
DA:1,1
DA:2,2
DA:3,2
DA:4,2
DA:6,2
DA:7,5
DA:8,1
DA:12,2
DA:13,1
DA:14,1
DA:15,1
LF:11
LH:11
BRDA:7,0,0,1
BRDA:7,0,1,4
BRDA:12,1,0,1
BRDA:12,1,1,1
BRF:4
BRH:4
end_of_record
TN:
SF:task1\modules\shiftLetters.js
FN:1,(anonymous_0)
FN:4,(anonymous_1)
FNF:2
FNH:2
FNDA:3,(anonymous_0)
FNDA:38,(anonymous_1)
DA:1,1
DA:2,3
DA:4,3
DA:5,38
DA:6,38
DA:8,38
DA:9,4
DA:10,1
DA:12,4
DA:13,0
DA:15,34
DA:16,16
DA:17,0
DA:19,16
DA:20,0
DA:22,18
DA:24,38
DA:27,3
DA:28,3
DA:31,1
LF:20
LH:17
BRDA:8,0,0,4
BRDA:8,0,1,34
BRDA:8,1,0,38
BRDA:8,1,1,26
BRDA:9,2,0,1
BRDA:9,2,1,3
BRDA:12,3,0,0
BRDA:12,3,1,4
BRDA:15,4,0,16
BRDA:15,4,1,18
BRDA:15,5,0,34
BRDA:15,5,1,22
BRDA:16,6,0,0
BRDA:16,6,1,16
BRDA:19,7,0,0
BRDA:19,7,1,16
BRF:16
BRH:13
end_of_record
